2022/05/06 06:37:57 [notice] 1#1: using the "epoll" event method
2022/05/06 06:37:57 [notice] 1#1: nginx/1.21.6
2022/05/06 06:37:57 [notice] 1#1: built by gcc 10.2.1 20210110 (Debian 10.2.1-6) 
2022/05/06 06:37:57 [notice] 1#1: OS: Linux 5.10.76-linuxkit
2022/05/06 06:37:57 [notice] 1#1: getrlimit(RLIMIT_NOFILE): 1048576:1048576
2022/05/06 06:37:57 [notice] 1#1: start worker processes
2022/05/06 06:37:57 [notice] 1#1: start worker process 32
2022/05/06 06:37:57 [notice] 1#1: start worker process 33
2022/05/06 06:37:57 [notice] 1#1: start worker process 34
2022/05/06 06:37:57 [notice] 1#1: start worker process 35
2022/05/06 06:37:57 [notice] 1#1: start worker process 36
2022/05/06 06:45:38 [notice] 54#54: signal process started
2022/05/06 06:45:38 [notice] 1#1: signal 1 (SIGHUP) received from 54, reconfiguring
2022/05/06 06:45:38 [notice] 1#1: reconfiguring
2022/05/06 06:45:38 [notice] 1#1: using the "epoll" event method
2022/05/06 06:45:38 [notice] 1#1: start worker processes
2022/05/06 06:45:38 [notice] 1#1: start worker process 55
2022/05/06 06:45:38 [notice] 1#1: start worker process 56
2022/05/06 06:45:38 [notice] 1#1: start worker process 57
2022/05/06 06:45:38 [notice] 1#1: start worker process 58
2022/05/06 06:45:38 [notice] 1#1: start worker process 59
2022/05/06 06:45:38 [notice] 34#34: gracefully shutting down
2022/05/06 06:45:38 [notice] 34#34: exiting
2022/05/06 06:45:38 [notice] 32#32: gracefully shutting down
2022/05/06 06:45:38 [notice] 32#32: exiting
2022/05/06 06:45:38 [notice] 33#33: gracefully shutting down
2022/05/06 06:45:38 [notice] 33#33: exiting
2022/05/06 06:45:38 [notice] 35#35: gracefully shutting down
2022/05/06 06:45:38 [notice] 35#35: exiting
2022/05/06 06:45:38 [notice] 36#36: gracefully shutting down
2022/05/06 06:45:38 [notice] 36#36: exiting
2022/05/06 06:45:38 [notice] 34#34: exit
2022/05/06 06:45:38 [notice] 32#32: exit
2022/05/06 06:45:38 [notice] 33#33: exit
2022/05/06 06:45:38 [notice] 35#35: exit
2022/05/06 06:45:38 [notice] 36#36: exit
2022/05/06 06:45:38 [notice] 1#1: signal 17 (SIGCHLD) received from 32
2022/05/06 06:45:38 [notice] 1#1: worker process 32 exited with code 0
2022/05/06 06:45:38 [notice] 1#1: signal 29 (SIGIO) received
2022/05/06 06:45:38 [notice] 1#1: signal 17 (SIGCHLD) received from 34
2022/05/06 06:45:38 [notice] 1#1: worker process 34 exited with code 0
2022/05/06 06:45:38 [notice] 1#1: signal 29 (SIGIO) received
2022/05/06 06:45:38 [notice] 1#1: signal 17 (SIGCHLD) received from 33
2022/05/06 06:45:38 [notice] 1#1: worker process 33 exited with code 0
2022/05/06 06:45:38 [notice] 1#1: signal 29 (SIGIO) received
2022/05/06 06:45:38 [notice] 1#1: signal 17 (SIGCHLD) received from 35
2022/05/06 06:45:38 [notice] 1#1: worker process 35 exited with code 0
2022/05/06 06:45:38 [notice] 1#1: signal 29 (SIGIO) received
2022/05/06 06:45:38 [notice] 1#1: signal 17 (SIGCHLD) received from 36
2022/05/06 06:45:38 [notice] 1#1: worker process 36 exited with code 0
2022/05/06 06:45:38 [notice] 1#1: signal 29 (SIGIO) received
2022/05/06 06:47:51 [notice] 61#61: signal process started
2022/05/06 06:47:51 [notice] 1#1: signal 1 (SIGHUP) received from 61, reconfiguring
2022/05/06 06:47:51 [notice] 1#1: reconfiguring
2022/05/06 06:47:51 [notice] 1#1: using the "epoll" event method
2022/05/06 06:47:51 [notice] 1#1: start worker processes
2022/05/06 06:47:51 [notice] 1#1: start worker process 62
2022/05/06 06:47:51 [notice] 1#1: start worker process 63
2022/05/06 06:47:51 [notice] 1#1: start worker process 64
2022/05/06 06:47:51 [notice] 1#1: start worker process 65
2022/05/06 06:47:51 [notice] 1#1: start worker process 66
2022/05/06 06:47:52 [notice] 59#59: gracefully shutting down
2022/05/06 06:47:52 [notice] 59#59: exiting
2022/05/06 06:47:52 [notice] 57#57: gracefully shutting down
2022/05/06 06:47:52 [notice] 57#57: exiting
2022/05/06 06:47:52 [notice] 56#56: gracefully shutting down
2022/05/06 06:47:52 [notice] 56#56: exiting
2022/05/06 06:47:52 [notice] 55#55: gracefully shutting down
2022/05/06 06:47:52 [notice] 55#55: exiting
2022/05/06 06:47:52 [notice] 58#58: gracefully shutting down
2022/05/06 06:47:52 [notice] 58#58: exiting
2022/05/06 06:47:52 [notice] 59#59: exit
2022/05/06 06:47:52 [notice] 57#57: exit
2022/05/06 06:47:52 [notice] 56#56: exit
2022/05/06 06:47:52 [notice] 55#55: exit
2022/05/06 06:47:52 [notice] 58#58: exit
2022/05/06 06:47:52 [notice] 1#1: signal 17 (SIGCHLD) received from 59
2022/05/06 06:47:52 [notice] 1#1: worker process 56 exited with code 0
2022/05/06 06:47:52 [notice] 1#1: worker process 59 exited with code 0
2022/05/06 06:47:52 [notice] 1#1: signal 29 (SIGIO) received
2022/05/06 06:47:52 [notice] 1#1: signal 17 (SIGCHLD) received from 55
2022/05/06 06:47:52 [notice] 1#1: worker process 55 exited with code 0
2022/05/06 06:47:52 [notice] 1#1: signal 29 (SIGIO) received
2022/05/06 06:47:52 [notice] 1#1: signal 17 (SIGCHLD) received from 57
2022/05/06 06:47:52 [notice] 1#1: worker process 57 exited with code 0
2022/05/06 06:47:52 [notice] 1#1: signal 29 (SIGIO) received
2022/05/06 06:47:52 [notice] 1#1: signal 17 (SIGCHLD) received from 58
2022/05/06 06:47:52 [notice] 1#1: worker process 58 exited with code 0
2022/05/06 06:47:52 [notice] 1#1: signal 29 (SIGIO) received
2022/05/06 06:48:11 [notice] 1#1: signal 3 (SIGQUIT) received, shutting down
2022/05/06 06:48:11 [notice] 62#62: gracefully shutting down
2022/05/06 06:48:11 [notice] 62#62: exiting
2022/05/06 06:48:11 [notice] 64#64: gracefully shutting down
2022/05/06 06:48:11 [notice] 64#64: exiting
2022/05/06 06:48:11 [notice] 65#65: gracefully shutting down
2022/05/06 06:48:11 [notice] 65#65: exiting
2022/05/06 06:48:11 [notice] 63#63: gracefully shutting down
2022/05/06 06:48:11 [notice] 63#63: exiting
2022/05/06 06:48:11 [notice] 66#66: gracefully shutting down
2022/05/06 06:48:11 [notice] 66#66: exiting
2022/05/06 06:48:11 [notice] 62#62: exit
2022/05/06 06:48:11 [notice] 64#64: exit
2022/05/06 06:48:11 [notice] 65#65: exit
2022/05/06 06:48:11 [notice] 63#63: exit
2022/05/06 06:48:11 [notice] 66#66: exit
2022/05/06 06:48:11 [notice] 1#1: signal 17 (SIGCHLD) received from 63
2022/05/06 06:48:11 [notice] 1#1: worker process 63 exited with code 0
2022/05/06 06:48:11 [notice] 1#1: worker process 65 exited with code 0
2022/05/06 06:48:11 [notice] 1#1: signal 29 (SIGIO) received
2022/05/06 06:48:11 [notice] 1#1: signal 17 (SIGCHLD) received from 62
2022/05/06 06:48:11 [notice] 1#1: worker process 62 exited with code 0
2022/05/06 06:48:11 [notice] 1#1: signal 29 (SIGIO) received
2022/05/06 06:48:11 [notice] 1#1: signal 17 (SIGCHLD) received from 64
2022/05/06 06:48:11 [notice] 1#1: worker process 64 exited with code 0
2022/05/06 06:48:11 [notice] 1#1: signal 29 (SIGIO) received
2022/05/06 06:48:11 [notice] 1#1: signal 17 (SIGCHLD) received from 66
2022/05/06 06:48:11 [notice] 1#1: worker process 66 exited with code 0
2022/05/06 06:48:11 [notice] 1#1: exit
2022/05/06 06:48:11 [notice] 1#1: using the "epoll" event method
2022/05/06 06:48:11 [notice] 1#1: nginx/1.21.6
2022/05/06 06:48:11 [notice] 1#1: built by gcc 10.2.1 20210110 (Debian 10.2.1-6) 
2022/05/06 06:48:11 [notice] 1#1: OS: Linux 5.10.76-linuxkit
2022/05/06 06:48:11 [notice] 1#1: getrlimit(RLIMIT_NOFILE): 1048576:1048576
2022/05/06 06:48:11 [notice] 1#1: start worker processes
2022/05/06 06:48:11 [notice] 1#1: start worker process 25
2022/05/06 06:48:11 [notice] 1#1: start worker process 26
2022/05/06 06:48:11 [notice] 1#1: start worker process 27
2022/05/06 06:48:11 [notice] 1#1: start worker process 28
2022/05/06 06:48:11 [notice] 1#1: start worker process 29
2022/05/06 06:51:01 [notice] 1#1: signal 3 (SIGQUIT) received, shutting down
2022/05/06 06:51:01 [notice] 28#28: gracefully shutting down
2022/05/06 06:51:01 [notice] 28#28: exiting
2022/05/06 06:51:01 [notice] 27#27: gracefully shutting down
2022/05/06 06:51:01 [notice] 27#27: exiting
2022/05/06 06:51:01 [notice] 26#26: gracefully shutting down
2022/05/06 06:51:01 [notice] 29#29: gracefully shutting down
2022/05/06 06:51:01 [notice] 25#25: gracefully shutting down
2022/05/06 06:51:01 [notice] 25#25: exiting
2022/05/06 06:51:01 [notice] 28#28: exit
2022/05/06 06:51:01 [notice] 27#27: exit
2022/05/06 06:51:01 [notice] 29#29: exiting
2022/05/06 06:51:01 [notice] 29#29: exit
2022/05/06 06:51:01 [notice] 25#25: exit
2022/05/06 06:51:01 [notice] 1#1: signal 17 (SIGCHLD) received from 28
2022/05/06 06:51:01 [notice] 1#1: worker process 28 exited with code 0
2022/05/06 06:51:01 [notice] 1#1: signal 29 (SIGIO) received
2022/05/06 06:51:01 [notice] 1#1: signal 17 (SIGCHLD) received from 29
2022/05/06 06:51:01 [notice] 1#1: worker process 29 exited with code 0
2022/05/06 06:51:01 [notice] 1#1: signal 29 (SIGIO) received
2022/05/06 06:51:01 [notice] 1#1: signal 17 (SIGCHLD) received from 27
2022/05/06 06:51:01 [notice] 1#1: worker process 25 exited with code 0
2022/05/06 06:51:01 [notice] 1#1: worker process 27 exited with code 0
2022/05/06 06:51:01 [notice] 1#1: signal 29 (SIGIO) received
2022/05/06 06:51:01 [notice] 1#1: signal 17 (SIGCHLD) received from 25
2022/05/06 06:51:12 [notice] 1#1: using the "epoll" event method
2022/05/06 06:51:12 [notice] 1#1: nginx/1.21.6
2022/05/06 06:51:12 [notice] 1#1: built by gcc 10.2.1 20210110 (Debian 10.2.1-6) 
2022/05/06 06:51:12 [notice] 1#1: OS: Linux 5.10.76-linuxkit
2022/05/06 06:51:12 [notice] 1#1: getrlimit(RLIMIT_NOFILE): 1048576:1048576
2022/05/06 06:51:12 [notice] 1#1: start worker processes
2022/05/06 06:51:12 [notice] 1#1: start worker process 25
2022/05/06 06:51:12 [notice] 1#1: start worker process 26
2022/05/06 06:51:12 [notice] 1#1: start worker process 27
2022/05/06 06:51:12 [notice] 1#1: start worker process 28
2022/05/06 06:51:12 [notice] 1#1: start worker process 29
2022/05/06 06:51:13 [notice] 1#1: signal 3 (SIGQUIT) received, shutting down
2022/05/06 06:51:13 [notice] 28#28: gracefully shutting down
2022/05/06 06:51:13 [notice] 28#28: exiting
2022/05/06 06:51:13 [notice] 27#27: gracefully shutting down
2022/05/06 06:51:13 [notice] 26#26: gracefully shutting down
2022/05/06 06:51:13 [notice] 26#26: exiting
2022/05/06 06:51:13 [notice] 29#29: gracefully shutting down
2022/05/06 06:51:13 [notice] 29#29: exiting
2022/05/06 06:51:13 [notice] 25#25: gracefully shutting down
2022/05/06 06:51:13 [notice] 25#25: exiting
2022/05/06 06:51:13 [notice] 28#28: exit
2022/05/06 06:51:13 [notice] 27#27: exiting
2022/05/06 06:51:13 [notice] 27#27: exit
2022/05/06 06:51:13 [notice] 26#26: exit
2022/05/06 06:51:13 [notice] 29#29: exit
2022/05/06 06:51:13 [notice] 25#25: exit
2022/05/06 06:51:13 [notice] 1#1: signal 17 (SIGCHLD) received from 27
2022/05/06 06:51:13 [notice] 1#1: worker process 27 exited with code 0
2022/05/06 06:51:13 [notice] 1#1: signal 29 (SIGIO) received
2022/05/06 06:51:13 [notice] 1#1: signal 17 (SIGCHLD) received from 26
2022/05/06 06:51:13 [notice] 1#1: worker process 26 exited with code 0
2022/05/06 06:51:13 [notice] 1#1: signal 29 (SIGIO) received
2022/05/06 06:51:13 [notice] 1#1: signal 17 (SIGCHLD) received from 25
2022/05/06 06:51:13 [notice] 1#1: worker process 25 exited with code 0
2022/05/06 06:51:13 [notice] 1#1: worker process 29 exited with code 0
2022/05/06 06:51:13 [notice] 1#1: signal 29 (SIGIO) received
2022/05/06 06:51:13 [notice] 1#1: signal 17 (SIGCHLD) received from 29
2022/05/06 06:51:13 [notice] 1#1: worker process 28 exited with code 0
2022/05/06 06:51:13 [notice] 1#1: exit
2022/05/06 06:51:13 [notice] 1#1: using the "epoll" event method
2022/05/06 06:51:13 [notice] 1#1: nginx/1.21.6
2022/05/06 06:51:13 [notice] 1#1: built by gcc 10.2.1 20210110 (Debian 10.2.1-6) 
2022/05/06 06:51:13 [notice] 1#1: OS: Linux 5.10.76-linuxkit
2022/05/06 06:51:13 [notice] 1#1: getrlimit(RLIMIT_NOFILE): 1048576:1048576
2022/05/06 06:51:13 [notice] 1#1: start worker processes
2022/05/06 06:51:13 [notice] 1#1: start worker process 25
2022/05/06 06:51:13 [notice] 1#1: start worker process 26
2022/05/06 06:51:13 [notice] 1#1: start worker process 27
2022/05/06 06:51:13 [notice] 1#1: start worker process 28
2022/05/06 06:51:13 [notice] 1#1: start worker process 29
2022/05/06 06:54:40 [notice] 1#1: signal 3 (SIGQUIT) received, shutting down
2022/05/06 06:54:40 [notice] 25#25: gracefully shutting down
2022/05/06 06:54:40 [notice] 29#29: gracefully shutting down
2022/05/06 06:54:40 [notice] 29#29: exiting
2022/05/06 06:54:40 [notice] 28#28: gracefully shutting down
2022/05/06 06:54:40 [notice] 28#28: exiting
2022/05/06 06:54:40 [notice] 27#27: gracefully shutting down
2022/05/06 06:54:40 [notice] 26#26: gracefully shutting down
2022/05/06 06:54:40 [notice] 25#25: exiting
2022/05/06 06:54:40 [notice] 25#25: exit
2022/05/06 06:54:40 [notice] 29#29: exit
2022/05/06 06:54:40 [notice] 28#28: exit
2022/05/06 06:54:40 [notice] 27#27: exiting
2022/05/06 06:54:40 [notice] 26#26: exiting
2022/05/06 06:54:40 [notice] 26#26: exit
2022/05/06 06:54:40 [notice] 27#27: exit
2022/05/06 06:54:40 [notice] 1#1: signal 17 (SIGCHLD) received from 25
2022/05/06 06:54:40 [notice] 1#1: worker process 25 exited with code 0
2022/05/06 06:54:40 [notice] 1#1: signal 29 (SIGIO) received
2022/05/06 06:54:40 [notice] 1#1: signal 17 (SIGCHLD) received from 29
2022/05/06 06:54:40 [notice] 1#1: worker process 29 exited with code 0
2022/05/06 06:54:40 [notice] 1#1: signal 29 (SIGIO) received
2022/05/06 06:54:40 [notice] 1#1: signal 17 (SIGCHLD) received from 28
2022/05/06 06:54:40 [notice] 1#1: worker process 28 exited with code 0
2022/05/06 06:54:40 [notice] 1#1: signal 29 (SIGIO) received
2022/05/06 06:54:40 [notice] 1#1: signal 17 (SIGCHLD) received from 27
2022/05/06 06:54:40 [notice] 1#1: worker process 26 exited with code 0
2022/05/06 06:54:40 [notice] 1#1: worker process 27 exited with code 0
2022/05/06 06:54:40 [notice] 1#1: exit
2022/05/06 06:54:55 [notice] 1#1: using the "epoll" event method
2022/05/06 06:54:55 [notice] 1#1: nginx/1.21.6
2022/05/06 06:54:55 [notice] 1#1: built by gcc 10.2.1 20210110 (Debian 10.2.1-6) 
2022/05/06 06:54:55 [notice] 1#1: OS: Linux 5.10.76-linuxkit
2022/05/06 06:54:55 [notice] 1#1: getrlimit(RLIMIT_NOFILE): 1048576:1048576
2022/05/06 06:54:55 [notice] 1#1: start worker processes
2022/05/06 06:54:55 [notice] 1#1: start worker process 32
2022/05/06 06:54:55 [notice] 1#1: start worker process 33
2022/05/06 06:54:55 [notice] 1#1: start worker process 34
2022/05/06 06:54:55 [notice] 1#1: start worker process 35
2022/05/06 06:54:55 [notice] 1#1: start worker process 36
2022/05/06 06:55:13 [error] 32#32: *1 open() "/usr/share/nginx/html/null" failed (2: No such file or directory), client: 172.17.0.1, server: localhost, request: "GET /null HTTP/1.1", host: "127.0.0.1:8081", referrer: "http://127.0.0.1:8081/"
2022/05/06 06:56:46 [notice] 55#55: signal process started
2022/05/06 06:56:46 [notice] 1#1: signal 1 (SIGHUP) received from 55, reconfiguring
2022/05/06 06:56:46 [notice] 1#1: reconfiguring
2022/05/06 06:56:46 [notice] 1#1: using the "epoll" event method
2022/05/06 06:56:46 [notice] 1#1: start worker processes
2022/05/06 06:56:46 [notice] 1#1: start worker process 56
2022/05/06 06:56:46 [notice] 1#1: start worker process 57
2022/05/06 06:56:46 [notice] 1#1: start worker process 58
2022/05/06 06:56:46 [notice] 1#1: start worker process 59
2022/05/06 06:56:46 [notice] 1#1: start worker process 60
2022/05/06 06:56:46 [notice] 33#33: gracefully shutting down
2022/05/06 06:56:46 [notice] 36#36: gracefully shutting down
2022/05/06 06:56:46 [notice] 36#36: exiting
2022/05/06 06:56:46 [notice] 34#34: gracefully shutting down
2022/05/06 06:56:46 [notice] 34#34: exiting
2022/05/06 06:56:46 [notice] 35#35: gracefully shutting down
2022/05/06 06:56:46 [notice] 35#35: exiting
2022/05/06 06:56:46 [notice] 32#32: gracefully shutting down
2022/05/06 06:56:46 [notice] 32#32: exiting
2022/05/06 06:56:46 [notice] 33#33: exiting
2022/05/06 06:56:46 [notice] 33#33: exit
2022/05/06 06:56:46 [notice] 36#36: exit
2022/05/06 06:56:46 [notice] 34#34: exit
2022/05/06 06:56:46 [notice] 35#35: exit
2022/05/06 06:56:46 [notice] 32#32: exit
2022/05/06 06:56:46 [notice] 1#1: signal 17 (SIGCHLD) received from 36
2022/05/06 06:56:46 [notice] 1#1: worker process 33 exited with code 0
2022/05/06 06:56:46 [notice] 1#1: worker process 36 exited with code 0
2022/05/06 06:56:46 [notice] 1#1: signal 29 (SIGIO) received
2022/05/06 06:56:46 [notice] 1#1: signal 17 (SIGCHLD) received from 33
2022/05/06 06:56:46 [notice] 1#1: signal 17 (SIGCHLD) received from 34
2022/05/06 06:56:46 [notice] 1#1: worker process 34 exited with code 0
2022/05/06 06:56:46 [notice] 1#1: signal 29 (SIGIO) received
2022/05/06 06:56:46 [notice] 1#1: signal 17 (SIGCHLD) received from 35
2022/05/06 06:56:46 [notice] 1#1: worker process 32 exited with code 0
2022/05/06 06:56:46 [notice] 1#1: worker process 35 exited with code 0
2022/05/06 06:56:46 [notice] 1#1: signal 29 (SIGIO) received
2022/05/06 06:56:46 [notice] 1#1: signal 17 (SIGCHLD) received from 32
2022/05/06 07:01:31 [notice] 1#1: signal 3 (SIGQUIT) received, shutting down
2022/05/06 07:01:31 [notice] 57#57: gracefully shutting down
2022/05/06 07:01:31 [notice] 57#57: exiting
2022/05/06 07:01:31 [notice] 59#59: gracefully shutting down
2022/05/06 07:01:31 [notice] 59#59: exiting
2022/05/06 07:01:31 [notice] 60#60: gracefully shutting down
2022/05/06 07:01:31 [notice] 60#60: exiting
2022/05/06 07:01:31 [notice] 58#58: gracefully shutting down
2022/05/06 07:01:31 [notice] 56#56: gracefully shutting down
2022/05/06 07:01:31 [notice] 56#56: exiting
2022/05/06 07:01:31 [notice] 57#57: exit
2022/05/06 07:01:31 [notice] 59#59: exit
2022/05/06 07:01:31 [notice] 60#60: exit
2022/05/06 07:01:31 [notice] 56#56: exit
2022/05/06 07:01:31 [notice] 1#1: signal 17 (SIGCHLD) received from 59
2022/05/06 07:01:31 [notice] 1#1: worker process 59 exited with code 0
2022/05/06 07:01:31 [notice] 1#1: signal 29 (SIGIO) received
2022/05/06 07:01:31 [notice] 1#1: signal 17 (SIGCHLD) received from 60
2022/05/06 07:01:31 [notice] 1#1: worker process 60 exited with code 0
2022/05/06 07:01:31 [notice] 1#1: signal 29 (SIGIO) received
2022/05/06 07:01:31 [notice] 1#1: signal 17 (SIGCHLD) received from 57
2022/05/06 07:01:31 [notice] 1#1: worker process 57 exited with code 0
2022/05/06 07:01:31 [notice] 1#1: signal 29 (SIGIO) received
2022/05/06 07:01:31 [notice] 1#1: signal 17 (SIGCHLD) received from 56
2022/05/06 07:01:31 [notice] 1#1: worker process 56 exited with code 0
2022/05/06 07:01:31 [notice] 1#1: signal 29 (SIGIO) received
2022/05/06 07:01:33 [notice] 1#1: signal 3 (SIGQUIT) received, shutting down
2022/05/06 07:01:33 [notice] 1#1: signal 3 (SIGQUIT) received, shutting down
2022/05/06 07:01:34 [notice] 1#1: signal 3 (SIGQUIT) received, shutting down
2022/05/06 07:01:34 [notice] 1#1: signal 3 (SIGQUIT) received, shutting down
2022/05/06 07:01:39 [notice] 1#1: signal 3 (SIGQUIT) received, shutting down
2022/05/06 07:01:40 [notice] 1#1: signal 3 (SIGQUIT) received, shutting down
2022/05/06 07:01:40 [notice] 1#1: signal 3 (SIGQUIT) received, shutting down
2022/05/06 07:01:40 [notice] 1#1: signal 3 (SIGQUIT) received, shutting down
2022/05/06 07:01:42 [notice] 1#1: using the "epoll" event method
2022/05/06 07:01:42 [notice] 1#1: nginx/1.21.6
2022/05/06 07:01:42 [notice] 1#1: built by gcc 10.2.1 20210110 (Debian 10.2.1-6) 
2022/05/06 07:01:42 [notice] 1#1: OS: Linux 5.10.76-linuxkit
2022/05/06 07:01:42 [notice] 1#1: getrlimit(RLIMIT_NOFILE): 1048576:1048576
2022/05/06 07:01:42 [notice] 1#1: start worker processes
2022/05/06 07:01:42 [notice] 1#1: start worker process 25
2022/05/06 07:01:42 [notice] 1#1: start worker process 26
2022/05/06 07:01:42 [notice] 1#1: start worker process 27
2022/05/06 07:01:42 [notice] 1#1: start worker process 28
2022/05/06 07:01:42 [notice] 1#1: start worker process 29
2022/05/06 07:04:41 [notice] 1#1: signal 3 (SIGQUIT) received, shutting down
2022/05/06 07:04:41 [notice] 29#29: gracefully shutting down
2022/05/06 07:04:41 [notice] 29#29: exiting
2022/05/06 07:04:41 [notice] 27#27: gracefully shutting down
2022/05/06 07:04:41 [notice] 28#28: gracefully shutting down
2022/05/06 07:04:41 [notice] 28#28: exiting
2022/05/06 07:04:41 [notice] 25#25: gracefully shutting down
2022/05/06 07:04:41 [notice] 25#25: exiting
2022/05/06 07:04:41 [notice] 26#26: gracefully shutting down
2022/05/06 07:04:41 [notice] 29#29: exit
2022/05/06 07:04:41 [notice] 28#28: exit
2022/05/06 07:04:41 [notice] 25#25: exit
2022/05/06 07:04:41 [notice] 26#26: exiting
2022/05/06 07:04:41 [notice] 26#26: exit
2022/05/06 07:04:41 [notice] 1#1: signal 17 (SIGCHLD) received from 28
2022/05/06 07:04:41 [notice] 1#1: worker process 28 exited with code 0
2022/05/06 07:04:41 [notice] 1#1: signal 29 (SIGIO) received
2022/05/06 07:04:41 [notice] 1#1: signal 17 (SIGCHLD) received from 26
2022/05/06 07:04:41 [notice] 1#1: worker process 26 exited with code 0
2022/05/06 07:04:41 [notice] 1#1: worker process 29 exited with code 0
2022/05/06 07:04:41 [notice] 1#1: signal 29 (SIGIO) received
2022/05/06 07:04:41 [notice] 1#1: signal 17 (SIGCHLD) received from 29
2022/05/06 07:04:41 [notice] 1#1: signal 17 (SIGCHLD) received from 25
2022/05/06 07:04:41 [notice] 1#1: worker process 25 exited with code 0
2022/05/06 07:04:41 [notice] 1#1: signal 29 (SIGIO) received
2022/05/06 07:04:43 [notice] 1#1: signal 3 (SIGQUIT) received, shutting down
2022/05/06 07:04:51 [notice] 1#1: using the "epoll" event method
2022/05/06 07:04:51 [notice] 1#1: nginx/1.21.6
2022/05/06 07:04:51 [notice] 1#1: built by gcc 10.2.1 20210110 (Debian 10.2.1-6) 
2022/05/06 07:04:51 [notice] 1#1: OS: Linux 5.10.76-linuxkit
2022/05/06 07:04:51 [notice] 1#1: getrlimit(RLIMIT_NOFILE): 1048576:1048576
2022/05/06 07:04:51 [notice] 1#1: start worker processes
2022/05/06 07:04:51 [notice] 1#1: start worker process 25
2022/05/06 07:04:51 [notice] 1#1: start worker process 26
2022/05/06 07:04:51 [notice] 1#1: start worker process 27
2022/05/06 07:04:51 [notice] 1#1: start worker process 28
2022/05/06 07:04:51 [notice] 1#1: start worker process 29
2022/05/06 07:05:05 [error] 25#25: *1 open() "/usr/share/nginx/html/null" failed (2: No such file or directory), client: 172.17.0.1, server: localhost, request: "GET /null HTTP/1.1", host: "127.0.0.1:8081", referrer: "http://127.0.0.1:8081/"
2022/05/06 07:08:30 [notice] 1#1: signal 3 (SIGQUIT) received, shutting down
2022/05/06 07:08:30 [notice] 28#28: gracefully shutting down
2022/05/06 07:08:30 [notice] 28#28: exiting
2022/05/06 07:08:30 [notice] 29#29: gracefully shutting down
2022/05/06 07:08:30 [notice] 29#29: exiting
2022/05/06 07:08:30 [notice] 26#26: gracefully shutting down
2022/05/06 07:08:30 [notice] 26#26: exiting
2022/05/06 07:08:30 [notice] 27#27: gracefully shutting down
2022/05/06 07:08:30 [notice] 27#27: exiting
2022/05/06 07:08:30 [notice] 25#25: gracefully shutting down
2022/05/06 07:08:30 [notice] 25#25: exiting
2022/05/06 07:08:30 [notice] 28#28: exit
2022/05/06 07:08:30 [notice] 29#29: exit
2022/05/06 07:08:30 [notice] 26#26: exit
2022/05/06 07:08:30 [notice] 27#27: exit
2022/05/06 07:08:30 [notice] 25#25: exit
2022/05/06 07:08:30 [notice] 1#1: signal 17 (SIGCHLD) received from 26
2022/05/06 07:08:30 [notice] 1#1: worker process 26 exited with code 0
2022/05/06 07:08:30 [notice] 1#1: signal 29 (SIGIO) received
2022/05/06 07:08:30 [notice] 1#1: signal 17 (SIGCHLD) received from 25
2022/05/06 07:08:30 [notice] 1#1: worker process 25 exited with code 0
2022/05/06 07:08:30 [notice] 1#1: signal 29 (SIGIO) received
2022/05/06 07:08:30 [notice] 1#1: signal 17 (SIGCHLD) received from 29
2022/05/06 07:08:30 [notice] 1#1: worker process 29 exited with code 0
2022/05/06 07:08:30 [notice] 1#1: signal 29 (SIGIO) received
2022/05/06 07:08:30 [notice] 1#1: signal 17 (SIGCHLD) received from 28
2022/05/06 07:08:30 [notice] 1#1: worker process 27 exited with code 0
2022/05/06 07:08:30 [notice] 1#1: worker process 28 exited with code 0
2022/05/06 07:08:30 [notice] 1#1: exit
2022/05/06 07:10:38 [notice] 34#34: signal process started
2022/05/06 07:10:56 [error] 35#35: *2 "/etc/nginx/html/index.html" is not found (2: No such file or directory), client: 172.17.0.1, server: localhost, request: "GET / HTTP/1.1", host: "localhost:8081"
2022/05/06 07:10:56 [error] 35#35: *2 open() "/etc/nginx/html/null" failed (2: No such file or directory), client: 172.17.0.1, server: localhost, request: "GET /null HTTP/1.1", host: "localhost:8081", referrer: "http://localhost:8081/"
2022/05/06 07:10:56 [error] 35#35: *2 open() "/etc/nginx/html/favicon.ico" failed (2: No such file or directory), client: 172.17.0.1, server: localhost, request: "GET /favicon.ico HTTP/1.1", host: "localhost:8081", referrer: "http://localhost:8081/"
2022/05/06 07:48:39 [error] 32#32: *2 "/etc/nginx/html/index.html" is not found (2: No such file or directory), client: 172.17.0.1, server: localhost, request: "GET / HTTP/1.1", host: "127.0.0.1:9001"
2022/05/06 07:48:39 [error] 32#32: *2 open() "/etc/nginx/html/null" failed (2: No such file or directory), client: 172.17.0.1, server: localhost, request: "GET /null HTTP/1.1", host: "127.0.0.1:9001", referrer: "http://127.0.0.1:9001/"
2022/05/06 07:48:39 [error] 32#32: *2 open() "/etc/nginx/html/favicon.ico" failed (2: No such file or directory), client: 172.17.0.1, server: localhost, request: "GET /favicon.ico HTTP/1.1", host: "127.0.0.1:9001", referrer: "http://127.0.0.1:9001/"
2022/05/06 07:50:46 [error] 32#32: *4 "/etc/nginx/html/index.html" is not found (2: No such file or directory), client: 172.17.0.1, server: localhost, request: "GET / HTTP/1.1", host: "127.0.0.1:9001"
2022/05/06 07:50:46 [error] 32#32: *4 open() "/etc/nginx/html/null" failed (2: No such file or directory), client: 172.17.0.1, server: localhost, request: "GET /null HTTP/1.1", host: "127.0.0.1:9001", referrer: "http://127.0.0.1:9001/"
2022/05/06 07:50:50 [error] 32#32: *4 "/etc/nginx/html/index.html" is not found (2: No such file or directory), client: 172.17.0.1, server: localhost, request: "GET / HTTP/1.1", host: "127.0.0.1:9001"
2022/05/06 07:50:50 [error] 32#32: *4 open() "/etc/nginx/html/null" failed (2: No such file or directory), client: 172.17.0.1, server: localhost, request: "GET /null HTTP/1.1", host: "127.0.0.1:9001", referrer: "http://127.0.0.1:9001/"
2022/05/06 07:50:58 [error] 32#32: *4 "/etc/nginx/html/index.html" is not found (2: No such file or directory), client: 172.17.0.1, server: localhost, request: "GET / HTTP/1.1", host: "127.0.0.1:9001"
2022/05/06 07:50:58 [error] 32#32: *4 open() "/etc/nginx/html/null" failed (2: No such file or directory), client: 172.17.0.1, server: localhost, request: "GET /null HTTP/1.1", host: "127.0.0.1:9001", referrer: "http://127.0.0.1:9001/"
2022/05/06 07:51:58 [error] 26#26: *2 "/etc/nginx/html/index.html" is not found (2: No such file or directory), client: 172.17.0.1, server: localhost, request: "GET / HTTP/1.1", host: "127.0.0.1:9001"
2022/05/06 07:51:58 [error] 26#26: *2 open() "/etc/nginx/html/null" failed (2: No such file or directory), client: 172.17.0.1, server: localhost, request: "GET /null HTTP/1.1", host: "127.0.0.1:9001", referrer: "http://127.0.0.1:9001/"
2022/05/06 07:52:14 [error] 26#26: *2 "/etc/nginx/html/index.html" is not found (2: No such file or directory), client: 172.17.0.1, server: localhost, request: "GET / HTTP/1.1", host: "127.0.0.1:9001"
2022/05/06 07:52:14 [error] 26#26: *2 open() "/etc/nginx/html/null" failed (2: No such file or directory), client: 172.17.0.1, server: localhost, request: "GET /null HTTP/1.1", host: "127.0.0.1:9001", referrer: "http://127.0.0.1:9001/"
2022/05/06 07:52:18 [error] 26#26: *2 "/etc/nginx/html/index.html" is not found (2: No such file or directory), client: 172.17.0.1, server: localhost, request: "GET / HTTP/1.1", host: "127.0.0.1:9001"
2022/05/06 07:52:18 [error] 26#26: *2 open() "/etc/nginx/html/null" failed (2: No such file or directory), client: 172.17.0.1, server: localhost, request: "GET /null HTTP/1.1", host: "127.0.0.1:9001", referrer: "http://127.0.0.1:9001/"
2022/05/06 07:52:41 [error] 26#26: *2 "/etc/nginx/html/index.html" is not found (2: No such file or directory), client: 172.17.0.1, server: localhost, request: "GET / HTTP/1.1", host: "127.0.0.1:9001"
2022/05/06 07:52:41 [error] 26#26: *2 open() "/etc/nginx/html/null" failed (2: No such file or directory), client: 172.17.0.1, server: localhost, request: "GET /null HTTP/1.1", host: "127.0.0.1:9001", referrer: "http://127.0.0.1:9001/"
2022/05/06 07:56:58 [error] 25#25: *1 "/etc/nginx/html/index.html" is not found (2: No such file or directory), client: 172.17.0.1, server: localhost, request: "GET / HTTP/1.1", host: "127.0.0.1:9001"
2022/05/06 07:56:59 [error] 25#25: *1 open() "/etc/nginx/html/null" failed (2: No such file or directory), client: 172.17.0.1, server: localhost, request: "GET /null HTTP/1.1", host: "127.0.0.1:9001", referrer: "http://127.0.0.1:9001/"
2022/05/06 08:01:36 [error] 24#24: *2 open() "/usr/share/nginx/html/null" failed (2: No such file or directory), client: 172.17.0.1, server: localhost, request: "GET /null HTTP/1.1", host: "127.0.0.1:9001", referrer: "http://127.0.0.1:9001/"
2022/05/06 08:09:52 [error] 32#32: *1 open() "/usr/share/nginx/html/null" failed (2: No such file or directory), client: 172.17.0.1, server: localhost, request: "GET /null HTTP/1.1", host: "127.0.0.1:9002", referrer: "http://127.0.0.1:9002/"
2022/05/06 08:09:52 [error] 32#32: *1 open() "/usr/share/nginx/html/favicon.ico" failed (2: No such file or directory), client: 172.17.0.1, server: localhost, request: "GET /favicon.ico HTTP/1.1", host: "127.0.0.1:9002", referrer: "http://127.0.0.1:9002/"
2022/05/06 08:14:04 [error] 32#32: *4 open() "/usr/share/nginx/html/null" failed (2: No such file or directory), client: 172.17.0.1, server: localhost, request: "GET /null HTTP/1.1", host: "127.0.0.1:9002", referrer: "http://127.0.0.1:9002/"
2022/05/06 08:21:13 [error] 32#32: *46 open() "/usr/share/nginx/html/null" failed (2: No such file or directory), client: 172.17.0.1, server: localhost, request: "GET /null HTTP/1.0", host: "backend", referrer: "http://127.0.0.1:9001/"
2022/05/06 08:21:14 [error] 32#32: *48 open() "/usr/share/nginx/html/null" failed (2: No such file or directory), client: 172.17.0.1, server: localhost, request: "GET /null HTTP/1.0", host: "backend", referrer: "http://127.0.0.1:9001/"
